[debug] [2026-02-16T18:29:17.579Z] ----------------------------------------------------------------------
[debug] [2026-02-16T18:29:17.616Z] Command:       /home/godwin/.nvm/versions/node/v24.12.0/bin/node /home/godwin/.nvm/versions/node/v24.12.0/bin/firebase init
[debug] [2026-02-16T18:29:17.616Z] CLI Version:   15.5.1
[debug] [2026-02-16T18:29:17.616Z] Platform:      linux
[debug] [2026-02-16T18:29:17.617Z] Node Version:  v24.12.0
[debug] [2026-02-16T18:29:17.617Z] Time:          Mon Feb 16 2026 18:29:17 GMT+0000 (Greenwich Mean Time)
[debug] [2026-02-16T18:29:17.617Z] ----------------------------------------------------------------------
[debug] 
[info] 
     ######## #### ########  ######## ########     ###     ######  ########
     ##        ##  ##     ## ##       ##     ##  ##   ##  ##       ##
     ######    ##  ########  ######   ########  #########  ######  ######
     ##        ##  ##    ##  ##       ##     ## ##     ##       ## ##
     ##       #### ##     ## ######## ########  ##     ##  ######  ########

You're about to initialize a Firebase project in this directory:

  /home/godwin/GitHub/Gig/Ceetha-Luxe

Before we get started, keep in mind:

  * You are initializing within an existing Firebase project directory

[debug] [2026-02-16T18:29:23.246Z] ExitPromptError: User force closed the prompt with SIGINT
    at Interface.sigint (/home/godwin/.nvm/versions/node/v24.12.0/lib/node_modules/firebase-tools/node_modules/@inquirer/core/dist/commonjs/lib/create-prompt.js:101:37)
    at Interface.emit (node:events:508:28)
    at [_ttyWrite] [as _ttyWrite] (node:internal/readline/interface:1327:18)
    at ReadStream.onkeypress (node:internal/readline/interface:284:20)
    at ReadStream.emit (node:events:520:35)
    at emitKeys (node:internal/readline/utils:371:14)
    at emitKeys.next (<anonymous>)
    at ReadStream.onData (node:internal/readline/emitKeypressEvents:64:36)
    at ReadStream.emit (node:events:508:28)
    at addChunk (node:internal/streams/readable:559:12)
[error] 
[error] Error: An unexpected error has occurred.
